
{"ip":"::1","url":"/api/products/5b4ddc8980a6b3cad75dd2e7","method":"GET","userAgent":"PostmanRuntime/7.2.0","date":"2018-8-21 17:54:15"}
{"ip":"::1","url":"/api/products","method":"GET","userAgent":"PostmanRuntime/7.2.0","date":"2018-8-21 17:57:19"}
{"ip":"::ffff:127.0.0.1","url":"/api/products","method":"GET","userAgent":"PostmanRuntime/7.2.0","date":"2018-8-21 17:58:19"}
{"ip":"::ffff:127.0.0.1","url":"/api/products","method":"GET","userAgent":"PostmanRuntime/7.2.0","date":"2018-8-21 17:58:41","host":"localhost:3000","responseTime":"900ms","status":200}
{"ip":"::1","url":"/api/products/","method":"GET","userAgent":"PostmanRuntime/7.2.0","date":"2018-8-27 16:15:33","host":"localhost:3000","responseTime":"11ms","status":200}
{"ip":"::1","url":"/api/reviews/","method":"GET","userAgent":"PostmanRuntime/7.2.0","date":"2018-8-27 16:15:48","host":"localhost:3000","responseTime":"2ms","status":404}
{"ip":"::1","url":"/api/reviews/Get/5b4ddc8980a6b3cad75dd2e7","method":"GET","userAgent":"PostmanRuntime/7.2.0","date":"2018-8-27 16:16:31","host":"localhost:3000","responseTime":"1ms","status":404}
{"ip":"::1","url":"/api/reviews/Get/5b4ddc8980a6b3cad75dd2e7","method":"GET","userAgent":"PostmanRuntime/7.2.0","date":"2018-8-27 16:17:18","host":"localhost:3000","responseTime":"1ms","status":404}
{"ip":"::1","url":"/api/reviews/Get/5b4ddc8980a6b3cad75dd2e7","method":"GET","userAgent":"PostmanRuntime/7.2.0","date":"2018-8-27 16:18:20","host":"localhost:3000","responseTime":"1ms","status":404}
{"ip":"::1","url":"/api/reviews/Get/5b4ddc8980a6b3cad75dd2e7","method":"GET","userAgent":"PostmanRuntime/7.2.0","date":"2018-8-27 16:18:42","host":"localhost:3000","responseTime":"1ms","status":404}
{"ip":"::1","url":"/api/reviews/Get/5b4ddc8980a6b3cad75dd2e7","method":"GET","userAgent":"PostmanRuntime/7.2.0","date":"2018-8-27 16:18:48","host":"localhost:3000","responseTime":"0ms","status":404}
{"ip":"::1","url":"/api/reviews/","method":"GET","userAgent":"PostmanRuntime/7.2.0","date":"2018-8-27 16:19:18","host":"localhost:3000","responseTime":"1ms","status":404}
{"ip":"::1","url":"/api/products","method":"GET","userAgent":"PostmanRuntime/7.2.0","date":"2018-8-27 16:20:08","host":"localhost:3000","responseTime":"4ms","status":200}
{"ip":"::1","url":"/api/reviews/5b4ddc8980a6b3cad75dd2e7","method":"GET","userAgent":"PostmanRuntime/7.2.0","date":"2018-8-27 16:20:20","host":"localhost:3000","responseTime":"0ms","status":404}
{"ip":"::1","url":"/api/reviews/5b4ddc8980a6b3cad75dd2e7","method":"GET","userAgent":"PostmanRuntime/7.2.0","date":"2018-8-27 16:20:56","host":"localhost:3000","responseTime":"3ms","status":404}
{"ip":"::1","url":"/api/reviews/5b4ddc8980a6b3cad75dd2e7","method":"GET","userAgent":"PostmanRuntime/7.2.0","date":"2018-8-27 16:21:00","host":"localhost:3000","responseTime":"0ms","status":404}
{"ip":"::1","url":"/api/users","method":"GET","userAgent":"PostmanRuntime/7.2.0","date":"2018-8-27 16:21:26","host":"localhost:3000","responseTime":"1ms","status":404}
{"ip":"::1","url":"/api/users/login","method":"GET","userAgent":"PostmanRuntime/7.2.0","date":"2018-8-27 16:21:32","host":"localhost:3000","responseTime":"1ms","status":404}
{"ip":"::1","url":"/api/reviews/Get/5b4ddc8980a6b3cad75dd2e7","method":"GET","userAgent":"PostmanRuntime/7.2.0","date":"2018-8-27 16:22:38","host":"localhost:3000","responseTime":"4ms","status":404}
{"ip":"::1","url":"/api/reviews/Get/5b4ddc8980a6b3cad75dd2e7","method":"GET","userAgent":"PostmanRuntime/7.2.0","date":"2018-8-27 16:24:34","host":"localhost:3000","responseTime":"3ms","status":404}
{"ip":"::1","url":"/api/products/5b4ddc8980a6b3cad75dd2e7","method":"GET","userAgent":"PostmanRuntime/7.2.0","date":"2018-8-27 16:30:32","host":"localhost:3000","responseTime":"22ms","status":200}
{"ip":"::1","url":"/api/reviews/Get/5b4ddc8980a6b3cad75dd2e7","method":"GET","userAgent":"PostmanRuntime/7.2.0","date":"2018-8-27 16:30:43","host":"localhost:3000","responseTime":"1ms","status":404}
{"ip":"::1","url":"/api/reviews/Get/5b4ddc8980a6b3cad75dd2e7","method":"GET","userAgent":"PostmanRuntime/7.2.0","date":"2018-8-27 16:31:14","host":"localhost:3000","responseTime":"3ms","status":404}
{"ip":"::1","url":"/api/products/5b4ddc8980a6b3cad75dd2e7","method":"GET","userAgent":"PostmanRuntime/7.2.0","date":"2018-8-27 16:39:27","host":"localhost:3000","responseTime":"18ms","status":200}
{"ip":"::1","url":"/api/products/5b4ddc8980a6b3cad75dd2e7","method":"GET","userAgent":"PostmanRuntime/7.2.0","date":"2018-8-27 16:45:47","host":"localhost:3000","responseTime":"20ms","status":200}
{"ip":"::1","url":"/api/products/5b4ddc8980a6b3cad75dd2e7","method":"GET","userAgent":"PostmanRuntime/7.2.0","date":"2018-8-27 16:51:06","host":"localhost:3000","responseTime":"21ms","status":200}
{"ip":"::1","url":"/api/products/5b4ddc8980a6b3cad75dd2e7","method":"GET","userAgent":"PostmanRuntime/7.2.0","date":"2018-8-27 16:52:10","host":"localhost:3000","responseTime":"1579ms","status":200}
{"ip":"::1","url":"/api/products/5b4ddc8980a6b3cad75dd2e7","method":"GET","userAgent":"PostmanRuntime/7.2.0","date":"2018-8-27 16:53:45","host":"localhost:3000","responseTime":"24ms","status":200}
{"ip":"::1","url":"/api/products/5b4ddc8980a6b3cad75dd2e7","method":"GET","userAgent":"PostmanRuntime/7.2.0","date":"2018-8-27 16:56:11","host":"localhost:3000","responseTime":"21ms","status":200}
{"ip":"::1","url":"/api/products/5b4ddc8980a6b3cad75dd2e7","method":"GET","userAgent":"PostmanRuntime/7.2.0","date":"2018-8-27 16:56:37","host":"localhost:3000","responseTime":"1651ms","status":200}